<?xml version="1.0" encoding="UTF-8"?>
<testng-results skipped="1" failed="0" ignored="0" total="1" passed="0">
  <reporter-output>
  </reporter-output>
  <suite name="Default suite" duration-ms="94957" started-at="2020-09-16T09:27:07 PDT" finished-at="2020-09-16T09:28:42 PDT">
    <groups>
    </groups>
    <test name="Default test" duration-ms="94957" started-at="2020-09-16T09:27:07 PDT" finished-at="2020-09-16T09:28:42 PDT">
      <class name="com.atmecs.testscript.WindowHandles">
        <test-method status="FAIL" signature="invokeBrowser()[pri:0, instance:com.atmecs.testscript.WindowHandles@1c3a4799]" name="invokeBrowser" is-config="true" duration-ms="92949" started-at="2020-09-16T09:27:07 PDT" finished-at="2020-09-16T09:28:40 PDT">
          <exception class="org.openqa.selenium.WebDriverException">
            <message>
              <![CDATA[chrome not reachable
Build info: version: '3.141.59', revision: 'e82be7d358', time: '2018-11-14T08:17:03'
System info: host: 'DESKTOP-ATOQJFI', ip: '192.168.43.118', os.name: 'Windows 10', os.arch: 'amd64', os.version: '10.0', java.version: '1.8.0_265'
Driver info: driver.version: ChromeDriver
remote stacktrace: Backtrace:
Ordinal0 [0x0036D383+3134339]
Ordinal0 [0x0025A171+2007409]
Ordinal0 [0x000FAD90+568720]
Ordinal0 [0x000F1294+529044]
Ordinal0 [0x00080F78+69496]
Ordinal0 [0x0007CC63+52323]
Ordinal0 [0x000A0DFC+200188]
Ordinal0 [0x000A0C1D+199709]
Ordinal0 [0x0009EB0B+191243]
Ordinal0 [0x00082E77+77431]
Ordinal0 [0x00083E3E+81470]
Ordinal0 [0x00083DC9+81353]
Ordinal0 [0x00270CD9+2100441]
GetHandleVerifier [0x004DB75A+1396954]
GetHandleVerifier [0x004DB3D9+1396057]
GetHandleVerifier [0x004E7126+1444518]
GetHandleVerifier [0x004DBCE8+1398376]
Ordinal0 [0x00267F51+2064209]
Ordinal0 [0x002722EB+2106091]
Ordinal0 [0x00272411+2106385]
Ordinal0 [0x002849C4+2181572]
BaseThreadInitThunk [0x76E66359+25]
RtlGetAppContainerNamedObjectPath [0x77CC7C24+228]
RtlGetAppContainerNamedObjectPath [0x77CC7BF4+180]
(No symbol) [0x00000000]
]]>
            </message>
            <full-stacktrace>
              <![CDATA[org.openqa.selenium.WebDriverException: chrome not reachable
Build info: version: '3.141.59', revision: 'e82be7d358', time: '2018-11-14T08:17:03'
System info: host: 'DESKTOP-ATOQJFI', ip: '192.168.43.118', os.name: 'Windows 10', os.arch: 'amd64', os.version: '10.0', java.version: '1.8.0_265'
Driver info: driver.version: ChromeDriver
remote stacktrace: Backtrace:
Ordinal0 [0x0036D383+3134339]
Ordinal0 [0x0025A171+2007409]
Ordinal0 [0x000FAD90+568720]
Ordinal0 [0x000F1294+529044]
Ordinal0 [0x00080F78+69496]
Ordinal0 [0x0007CC63+52323]
Ordinal0 [0x000A0DFC+200188]
Ordinal0 [0x000A0C1D+199709]
Ordinal0 [0x0009EB0B+191243]
Ordinal0 [0x00082E77+77431]
Ordinal0 [0x00083E3E+81470]
Ordinal0 [0x00083DC9+81353]
Ordinal0 [0x00270CD9+2100441]
GetHandleVerifier [0x004DB75A+1396954]
GetHandleVerifier [0x004DB3D9+1396057]
GetHandleVerifier [0x004E7126+1444518]
GetHandleVerifier [0x004DBCE8+1398376]
Ordinal0 [0x00267F51+2064209]
Ordinal0 [0x002722EB+2106091]
Ordinal0 [0x00272411+2106385]
Ordinal0 [0x002849C4+2181572]
BaseThreadInitThunk [0x76E66359+25]
RtlGetAppContainerNamedObjectPath [0x77CC7C24+228]
RtlGetAppContainerNamedObjectPath [0x77CC7BF4+180]
(No symbol) [0x00000000]

at sun.reflect.NativeConstructorAccessorImpl.newInstance0(Native Method)
at sun.reflect.NativeConstructorAccessorImpl.newInstance(NativeConstructorAccessorImpl.java:62)
at sun.reflect.DelegatingConstructorAccessorImpl.newInstance(DelegatingConstructorAccessorImpl.java:45)
at java.lang.reflect.Constructor.newInstance(Constructor.java:423)
at org.openqa.selenium.remote.W3CHandshakeResponse.lambda$errorHandler$0(W3CHandshakeResponse.java:62)
at org.openqa.selenium.remote.HandshakeResponse.lambda$getResponseFunction$0(HandshakeResponse.java:30)
at org.openqa.selenium.remote.ProtocolHandshake.lambda$createSession$0(ProtocolHandshake.java:126)
at java.util.stream.ReferencePipeline$3$1.accept(ReferencePipeline.java:193)
at java.util.Spliterators$ArraySpliterator.tryAdvance(Spliterators.java:958)
at java.util.stream.ReferencePipeline.forEachWithCancel(ReferencePipeline.java:126)
at java.util.stream.AbstractPipeline.copyIntoWithCancel(AbstractPipeline.java:499)
at java.util.stream.AbstractPipeline.copyInto(AbstractPipeline.java:486)
at java.util.stream.AbstractPipeline.wrapAndCopyInto(AbstractPipeline.java:472)
at java.util.stream.FindOps$FindOp.evaluateSequential(FindOps.java:152)
at java.util.stream.AbstractPipeline.evaluate(AbstractPipeline.java:234)
at java.util.stream.ReferencePipeline.findFirst(ReferencePipeline.java:531)
at org.openqa.selenium.remote.ProtocolHandshake.createSession(ProtocolHandshake.java:128)
at org.openqa.selenium.remote.ProtocolHandshake.createSession(ProtocolHandshake.java:74)
at org.openqa.selenium.remote.HttpCommandExecutor.execute(HttpCommandExecutor.java:136)
at org.openqa.selenium.remote.service.DriverCommandExecutor.execute(DriverCommandExecutor.java:83)
at org.openqa.selenium.remote.RemoteWebDriver.execute(RemoteWebDriver.java:552)
at org.openqa.selenium.remote.RemoteWebDriver.startSession(RemoteWebDriver.java:213)
at org.openqa.selenium.remote.RemoteWebDriver.<init>(RemoteWebDriver.java:131)
at org.openqa.selenium.chrome.ChromeDriver.<init>(ChromeDriver.java:181)
at org.openqa.selenium.chrome.ChromeDriver.<init>(ChromeDriver.java:168)
at org.openqa.selenium.chrome.ChromeDriver.<init>(ChromeDriver.java:123)
at com.atmecs.baseclass.BaseClass.invokeBrowser(BaseClass.java:21)
at sun.reflect.NativeMethodAccessorImpl.invoke0(Native Method)
at sun.reflect.NativeMethodAccessorImpl.invoke(NativeMethodAccessorImpl.java:62)
at sun.reflect.DelegatingMethodAccessorImpl.invoke(DelegatingMethodAccessorImpl.java:43)
at java.lang.reflect.Method.invoke(Method.java:498)
at org.testng.internal.MethodInvocationHelper.invokeMethod(MethodInvocationHelper.java:132)
at org.testng.internal.MethodInvocationHelper.invokeMethodConsideringTimeout(MethodInvocationHelper.java:61)
at org.testng.internal.ConfigInvoker.invokeConfigurationMethod(ConfigInvoker.java:366)
at org.testng.internal.ConfigInvoker.invokeConfigurations(ConfigInvoker.java:320)
at org.testng.TestRunner.invokeTestConfigurations(TestRunner.java:617)
at org.testng.TestRunner.beforeRun(TestRunner.java:607)
at org.testng.TestRunner.run(TestRunner.java:578)
at org.testng.SuiteRunner.runTest(SuiteRunner.java:384)
at org.testng.SuiteRunner.runSequentially(SuiteRunner.java:378)
at org.testng.SuiteRunner.privateRun(SuiteRunner.java:337)
at org.testng.SuiteRunner.run(SuiteRunner.java:286)
at org.testng.SuiteRunnerWorker.runSuite(SuiteRunnerWorker.java:53)
at org.testng.SuiteRunnerWorker.run(SuiteRunnerWorker.java:96)
at org.testng.TestNG.runSuitesSequentially(TestNG.java:1218)
at org.testng.TestNG.runSuitesLocally(TestNG.java:1140)
at org.testng.TestNG.runSuites(TestNG.java:1069)
at org.testng.TestNG.run(TestNG.java:1037)
at org.testng.remote.AbstractRemoteTestNG.run(AbstractRemoteTestNG.java:115)
at org.testng.remote.RemoteTestNG.initAndRun(RemoteTestNG.java:251)
at org.testng.remote.RemoteTestNG.main(RemoteTestNG.java:77)
]]>
            </full-stacktrace>
          </exception> <!-- org.openqa.selenium.WebDriverException -->
          <reporter-output>
          </reporter-output>
        </test-method> <!-- invokeBrowser -->
        <test-method status="SKIP" signature="launchChrome()[pri:0, instance:com.atmecs.testscript.WindowHandles@1c3a4799]" name="launchChrome" duration-ms="0" started-at="2020-09-16T09:28:42 PDT" finished-at="2020-09-16T09:28:42 PDT">
          <exception class="org.openqa.selenium.WebDriverException">
            <message>
              <![CDATA[chrome not reachable
Build info: version: '3.141.59', revision: 'e82be7d358', time: '2018-11-14T08:17:03'
System info: host: 'DESKTOP-ATOQJFI', ip: '192.168.43.118', os.name: 'Windows 10', os.arch: 'amd64', os.version: '10.0', java.version: '1.8.0_265'
Driver info: driver.version: ChromeDriver
remote stacktrace: Backtrace:
Ordinal0 [0x0036D383+3134339]
Ordinal0 [0x0025A171+2007409]
Ordinal0 [0x000FAD90+568720]
Ordinal0 [0x000F1294+529044]
Ordinal0 [0x00080F78+69496]
Ordinal0 [0x0007CC63+52323]
Ordinal0 [0x000A0DFC+200188]
Ordinal0 [0x000A0C1D+199709]
Ordinal0 [0x0009EB0B+191243]
Ordinal0 [0x00082E77+77431]
Ordinal0 [0x00083E3E+81470]
Ordinal0 [0x00083DC9+81353]
Ordinal0 [0x00270CD9+2100441]
GetHandleVerifier [0x004DB75A+1396954]
GetHandleVerifier [0x004DB3D9+1396057]
GetHandleVerifier [0x004E7126+1444518]
GetHandleVerifier [0x004DBCE8+1398376]
Ordinal0 [0x00267F51+2064209]
Ordinal0 [0x002722EB+2106091]
Ordinal0 [0x00272411+2106385]
Ordinal0 [0x002849C4+2181572]
BaseThreadInitThunk [0x76E66359+25]
RtlGetAppContainerNamedObjectPath [0x77CC7C24+228]
RtlGetAppContainerNamedObjectPath [0x77CC7BF4+180]
(No symbol) [0x00000000]
]]>
            </message>
            <full-stacktrace>
              <![CDATA[org.openqa.selenium.WebDriverException: chrome not reachable
Build info: version: '3.141.59', revision: 'e82be7d358', time: '2018-11-14T08:17:03'
System info: host: 'DESKTOP-ATOQJFI', ip: '192.168.43.118', os.name: 'Windows 10', os.arch: 'amd64', os.version: '10.0', java.version: '1.8.0_265'
Driver info: driver.version: ChromeDriver
remote stacktrace: Backtrace:
Ordinal0 [0x0036D383+3134339]
Ordinal0 [0x0025A171+2007409]
Ordinal0 [0x000FAD90+568720]
Ordinal0 [0x000F1294+529044]
Ordinal0 [0x00080F78+69496]
Ordinal0 [0x0007CC63+52323]
Ordinal0 [0x000A0DFC+200188]
Ordinal0 [0x000A0C1D+199709]
Ordinal0 [0x0009EB0B+191243]
Ordinal0 [0x00082E77+77431]
Ordinal0 [0x00083E3E+81470]
Ordinal0 [0x00083DC9+81353]
Ordinal0 [0x00270CD9+2100441]
GetHandleVerifier [0x004DB75A+1396954]
GetHandleVerifier [0x004DB3D9+1396057]
GetHandleVerifier [0x004E7126+1444518]
GetHandleVerifier [0x004DBCE8+1398376]
Ordinal0 [0x00267F51+2064209]
Ordinal0 [0x002722EB+2106091]
Ordinal0 [0x00272411+2106385]
Ordinal0 [0x002849C4+2181572]
BaseThreadInitThunk [0x76E66359+25]
RtlGetAppContainerNamedObjectPath [0x77CC7C24+228]
RtlGetAppContainerNamedObjectPath [0x77CC7BF4+180]
(No symbol) [0x00000000]

at sun.reflect.NativeConstructorAccessorImpl.newInstance0(Native Method)
at sun.reflect.NativeConstructorAccessorImpl.newInstance(NativeConstructorAccessorImpl.java:62)
at sun.reflect.DelegatingConstructorAccessorImpl.newInstance(DelegatingConstructorAccessorImpl.java:45)
at java.lang.reflect.Constructor.newInstance(Constructor.java:423)
at org.openqa.selenium.remote.W3CHandshakeResponse.lambda$errorHandler$0(W3CHandshakeResponse.java:62)
at org.openqa.selenium.remote.HandshakeResponse.lambda$getResponseFunction$0(HandshakeResponse.java:30)
at org.openqa.selenium.remote.ProtocolHandshake.lambda$createSession$0(ProtocolHandshake.java:126)
at java.util.stream.ReferencePipeline$3$1.accept(ReferencePipeline.java:193)
at java.util.Spliterators$ArraySpliterator.tryAdvance(Spliterators.java:958)
at java.util.stream.ReferencePipeline.forEachWithCancel(ReferencePipeline.java:126)
at java.util.stream.AbstractPipeline.copyIntoWithCancel(AbstractPipeline.java:499)
at java.util.stream.AbstractPipeline.copyInto(AbstractPipeline.java:486)
at java.util.stream.AbstractPipeline.wrapAndCopyInto(AbstractPipeline.java:472)
at java.util.stream.FindOps$FindOp.evaluateSequential(FindOps.java:152)
at java.util.stream.AbstractPipeline.evaluate(AbstractPipeline.java:234)
at java.util.stream.ReferencePipeline.findFirst(ReferencePipeline.java:531)
at org.openqa.selenium.remote.ProtocolHandshake.createSession(ProtocolHandshake.java:128)
at org.openqa.selenium.remote.ProtocolHandshake.createSession(ProtocolHandshake.java:74)
at org.openqa.selenium.remote.HttpCommandExecutor.execute(HttpCommandExecutor.java:136)
at org.openqa.selenium.remote.service.DriverCommandExecutor.execute(DriverCommandExecutor.java:83)
at org.openqa.selenium.remote.RemoteWebDriver.execute(RemoteWebDriver.java:552)
at org.openqa.selenium.remote.RemoteWebDriver.startSession(RemoteWebDriver.java:213)
at org.openqa.selenium.remote.RemoteWebDriver.<init>(RemoteWebDriver.java:131)
at org.openqa.selenium.chrome.ChromeDriver.<init>(ChromeDriver.java:181)
at org.openqa.selenium.chrome.ChromeDriver.<init>(ChromeDriver.java:168)
at org.openqa.selenium.chrome.ChromeDriver.<init>(ChromeDriver.java:123)
at com.atmecs.baseclass.BaseClass.invokeBrowser(BaseClass.java:21)
at sun.reflect.NativeMethodAccessorImpl.invoke0(Native Method)
at sun.reflect.NativeMethodAccessorImpl.invoke(NativeMethodAccessorImpl.java:62)
at sun.reflect.DelegatingMethodAccessorImpl.invoke(DelegatingMethodAccessorImpl.java:43)
at java.lang.reflect.Method.invoke(Method.java:498)
at org.testng.internal.MethodInvocationHelper.invokeMethod(MethodInvocationHelper.java:132)
at org.testng.internal.MethodInvocationHelper.invokeMethodConsideringTimeout(MethodInvocationHelper.java:61)
at org.testng.internal.ConfigInvoker.invokeConfigurationMethod(ConfigInvoker.java:366)
at org.testng.internal.ConfigInvoker.invokeConfigurations(ConfigInvoker.java:320)
at org.testng.TestRunner.invokeTestConfigurations(TestRunner.java:617)
at org.testng.TestRunner.beforeRun(TestRunner.java:607)
at org.testng.TestRunner.run(TestRunner.java:578)
at org.testng.SuiteRunner.runTest(SuiteRunner.java:384)
at org.testng.SuiteRunner.runSequentially(SuiteRunner.java:378)
at org.testng.SuiteRunner.privateRun(SuiteRunner.java:337)
at org.testng.SuiteRunner.run(SuiteRunner.java:286)
at org.testng.SuiteRunnerWorker.runSuite(SuiteRunnerWorker.java:53)
at org.testng.SuiteRunnerWorker.run(SuiteRunnerWorker.java:96)
at org.testng.TestNG.runSuitesSequentially(TestNG.java:1218)
at org.testng.TestNG.runSuitesLocally(TestNG.java:1140)
at org.testng.TestNG.runSuites(TestNG.java:1069)
at org.testng.TestNG.run(TestNG.java:1037)
at org.testng.remote.AbstractRemoteTestNG.run(AbstractRemoteTestNG.java:115)
at org.testng.remote.RemoteTestNG.initAndRun(RemoteTestNG.java:251)
at org.testng.remote.RemoteTestNG.main(RemoteTestNG.java:77)
]]>
            </full-stacktrace>
          </exception> <!-- org.openqa.selenium.WebDriverException -->
          <reporter-output>
          </reporter-output>
        </test-method> <!-- launchChrome -->
      </class> <!-- com.atmecs.testscript.WindowHandles -->
    </test> <!-- Default test -->
  </suite> <!-- Default suite -->
</testng-results>
